<?xml version="1.0" encoding="UTF-8"?>
<!-- Generated by org.testng.reporters.JUnitXMLReporter -->
<testsuite ignored="0" hostname="LAPTOP-E86RFH9G" failures="1" tests="2" name="Chrome" time="2.076" errors="0" timestamp="2026-05-18T11:39:28 IST">
  <testcase classname="logintestscript.Logintestscript" name="verifyThatTheUserSholudAbleToLogIn" time="0.011">
    <failure type="org.testng.internal.reflect.MethodMatcherException" message="
[public void logintestscript.Logintestscript.verifyThatTheUserSholudAbleToLogIn(java.lang.String,java.lang.String)] has no parameters defined but was found to be using a data provider (either explicitly specified or inherited from class level annotation).
Data provider mismatch
Method: verifyThatTheUserSholudAbleToLogIn([java.lang.String arg0, java.lang.String arg1])
Arguments: [(java.lang.String) amin123, amdin12]">
      <![CDATA[org.testng.internal.reflect.MethodMatcherException: 
[public void logintestscript.Logintestscript.verifyThatTheUserSholudAbleToLogIn(java.lang.String,java.lang.String)] has no parameters defined but was found to be using a data provider (either explicitly specified or inherited from class level annotation).
Data provider mismatch
Method: verifyThatTheUserSholudAbleToLogIn([java.lang.String arg0, java.lang.String arg1])
Arguments: [(java.lang.String) amin123, amdin12]
at java.base/java.util.ArrayList.forEach(ArrayList.java:1596)
... Removed 22 stack frames]]>
    </failure>
  </testcase> <!-- verifyThatTheUserSholudAbleToLogIn -->
  <testcase classname="logintestscript.Logintestscript" name="verifyThatTheUserShoudAbleToLoginWithUserNameAndPassword" time="0.304"/>
</testsuite> <!-- Chrome -->
