<?xml version="1.0" encoding="UTF-8"?>
<!-- Generated by org.testng.reporters.JUnitReportReporter -->
<testsuite hostname="LAPTOP-E86RFH9G" failures="0" tests="2" name="logintestscript.Checkouttestclass" time="10.603" errors="0" timestamp="2026-06-01T16:25:22 IST" skipped="0">
  <testcase classname="logintestscript.Checkouttestclass" name="verifyThatTheUserShouldAbleToParchaseaproduct" time="5.467"/>
  <testcase classname="logintestscript.Checkouttestclass" name="verifyThatTheUserShouldAbleToParchaseaproduct" time="5.136"/>
</testsuite> <!-- logintestscript.Checkouttestclass -->
