<?xml version="1.0" encoding="UTF-8"?>
<!-- Generated by org.testng.reporters.JUnitReportReporter -->
<testsuite hostname="LAPTOP-E86RFH9G" failures="0" tests="2" name="logintestscript.Logintestscript" time="12.591" errors="0" timestamp="2026-05-27T08:59:56 IST" skipped="0">
  <testcase classname="logintestscript.Logintestscript" name="verifyThatTheUserSholudAbleToLogIn" time="5.642"/>
  <testcase classname="logintestscript.Logintestscript" name="verifyThatTheUserShoudAbleToLoginWithUserNameAndPassword" time="6.949"/>
</testsuite> <!-- logintestscript.Logintestscript -->
