<?xml version="1.0" encoding="UTF-8"?>
<!-- Generated by org.testng.reporters.JUnitXMLReporter -->
<testsuite ignored="0" hostname="LAPTOP-E86RFH9G" failures="0" tests="2" name="FireFoxTest" time="12.331" errors="0" timestamp="2026-06-02T10:56:21 IST">
  <testcase classname="logintestscript.Logintestscript" name="verifyThatTheUserShoudAbleToLogingTheAppliucationWithValidUserCrediatiolas" time="1.462"/>
  <testcase classname="logintestscript.Checkouttestclass" name="verifyThatTheUserShouldAbleToParchaseaproduct" time="1.111"/>
</testsuite> <!-- FireFoxTest -->
