<?xml version="1.0" encoding="UTF-8"?>
<testng-results ignored="0" total="2" passed="2" failed="0" skipped="0">
  <reporter-output>
  </reporter-output>
  <suite started-at="2026-06-01T16:25:11 IST" name="Suite" finished-at="2026-06-01T16:25:22 IST" duration-ms="10691">
    <groups>
      <group name="SmokeTest">
        <method signature="Checkouttestclass.verifyThatTheUserShouldAbleToParchaseaproduct()[pri:0, instance:logintestscript.Checkouttestclass@2b71e916]" name="verifyThatTheUserShouldAbleToParchaseaproduct" class="logintestscript.Checkouttestclass"/>
        <method signature="Checkouttestclass.verifyThatTheUserShouldAbleToParchaseaproduct()[pri:0, instance:logintestscript.Checkouttestclass@7bedc48a]" name="verifyThatTheUserShouldAbleToParchaseaproduct" class="logintestscript.Checkouttestclass"/>
      </group> <!-- SmokeTest -->
    </groups>
    <test started-at="2026-06-01T16:25:11 IST" name="ChromeTest" finished-at="2026-06-01T16:25:16 IST" duration-ms="5181">
      <class name="logintestscript.Checkouttestclass">
        <test-method is-config="true" signature="intilaizeBrowser(java.lang.String)[pri:0, instance:logintestscript.Checkouttestclass@2b71e916]" started-at="2026-06-01T16:25:11 IST" name="intilaizeBrowser" finished-at="2026-06-01T16:25:13 IST" duration-ms="2174" status="PASS">
          <params>
            <param index="0">
              <value>
                <![CDATA[Chrome]]>
              </value>
            </param>
          </params>
          <reporter-output>
          </reporter-output>
        </test-method> <!-- intilaizeBrowser -->
        <test-method signature="verifyThatTheUserShouldAbleToParchaseaproduct()[pri:0, instance:logintestscript.Checkouttestclass@2b71e916]" started-at="2026-06-01T16:25:13 IST" name="verifyThatTheUserShouldAbleToParchaseaproduct" description="verifyThatTheUserShouldAbleToParchaseaproduct" finished-at="2026-06-01T16:25:16 IST" duration-ms="2961" status="PASS">
          <reporter-output>
          </reporter-output>
        </test-method> <!-- verifyThatTheUserShouldAbleToParchaseaproduct -->
        <test-method is-config="true" signature="closeBrowser(org.testng.ITestResult)[pri:0, instance:logintestscript.Checkouttestclass@2b71e916]" started-at="2026-06-01T16:25:16 IST" name="closeBrowser" finished-at="2026-06-01T16:25:16 IST" duration-ms="1" status="PASS">
          <params>
            <param index="0">
              <value>
                <![CDATA[[TestResult name=verifyThatTheUserShouldAbleToParchaseaproduct status=SUCCESS method=Checkouttestclass.verifyThatTheUserShouldAbleToParchaseaproduct()[pri:0, instance:logintestscript.Checkouttestclass@2b71e916] output={null}]]]>
              </value>
            </param>
          </params>
          <reporter-output>
          </reporter-output>
        </test-method> <!-- closeBrowser -->
      </class> <!-- logintestscript.Checkouttestclass -->
    </test> <!-- ChromeTest -->
    <test started-at="2026-06-01T16:25:16 IST" name="FireFoxTest" finished-at="2026-06-01T16:25:22 IST" duration-ms="5473">
      <class name="logintestscript.Checkouttestclass">
        <test-method is-config="true" signature="intilaizeBrowser(java.lang.String)[pri:0, instance:logintestscript.Checkouttestclass@7bedc48a]" started-at="2026-06-01T16:25:16 IST" name="intilaizeBrowser" finished-at="2026-06-01T16:25:20 IST" duration-ms="4254" status="PASS">
          <params>
            <param index="0">
              <value>
                <![CDATA[FireFox]]>
              </value>
            </param>
          </params>
          <reporter-output>
          </reporter-output>
        </test-method> <!-- intilaizeBrowser -->
        <test-method signature="verifyThatTheUserShouldAbleToParchaseaproduct()[pri:0, instance:logintestscript.Checkouttestclass@7bedc48a]" started-at="2026-06-01T16:25:20 IST" name="verifyThatTheUserShouldAbleToParchaseaproduct" description="verifyThatTheUserShouldAbleToParchaseaproduct" finished-at="2026-06-01T16:25:22 IST" duration-ms="1211" status="PASS">
          <reporter-output>
          </reporter-output>
        </test-method> <!-- verifyThatTheUserShouldAbleToParchaseaproduct -->
        <test-method is-config="true" signature="closeBrowser(org.testng.ITestResult)[pri:0, instance:logintestscript.Checkouttestclass@7bedc48a]" started-at="2026-06-01T16:25:22 IST" name="closeBrowser" finished-at="2026-06-01T16:25:22 IST" duration-ms="2" status="PASS">
          <params>
            <param index="0">
              <value>
                <![CDATA[[TestResult name=verifyThatTheUserShouldAbleToParchaseaproduct status=SUCCESS method=Checkouttestclass.verifyThatTheUserShouldAbleToParchaseaproduct()[pri:0, instance:logintestscript.Checkouttestclass@7bedc48a] output={null}]]]>
              </value>
            </param>
          </params>
          <reporter-output>
          </reporter-output>
        </test-method> <!-- closeBrowser -->
      </class> <!-- logintestscript.Checkouttestclass -->
    </test> <!-- FireFoxTest -->
  </suite> <!-- Suite -->
</testng-results>
