<?xml version="1.0" encoding="UTF-8"?>
<testng-results ignored="0" total="2" passed="2" failed="0" skipped="0">
  <reporter-output>
  </reporter-output>
  <suite started-at="2026-06-02T10:56:08 IST" name="Suite" finished-at="2026-06-02T10:56:21 IST" duration-ms="12331">
    <groups>
      <group name="SmokeTest">
        <method signature="Checkouttestclass.verifyThatTheUserShouldAbleToParchaseaproduct()[pri:0, instance:logintestscript.Checkouttestclass@45d84a20]" name="verifyThatTheUserShouldAbleToParchaseaproduct" class="logintestscript.Checkouttestclass"/>
      </group> <!-- SmokeTest -->
    </groups>
    <test started-at="2026-06-02T10:56:08 IST" name="FireFoxTest" finished-at="2026-06-02T10:56:21 IST" duration-ms="12331">
      <class name="logintestscript.Checkouttestclass">
        <test-method is-config="true" signature="intilaizeBrowser(java.lang.String)[pri:0, instance:logintestscript.Checkouttestclass@45d84a20]" started-at="2026-06-02T10:56:15 IST" name="intilaizeBrowser" finished-at="2026-06-02T10:56:20 IST" duration-ms="4388" status="PASS">
          <params>
            <param index="0">
              <value>
                <![CDATA[Firefox]]>
              </value>
            </param>
          </params>
          <reporter-output>
          </reporter-output>
        </test-method> <!-- intilaizeBrowser -->
        <test-method signature="verifyThatTheUserShouldAbleToParchaseaproduct()[pri:0, instance:logintestscript.Checkouttestclass@45d84a20]" started-at="2026-06-02T10:56:20 IST" name="verifyThatTheUserShouldAbleToParchaseaproduct" description="verifyThatTheUserShouldAbleToParchaseaproduct" finished-at="2026-06-02T10:56:21 IST" duration-ms="1111" status="PASS">
          <reporter-output>
          </reporter-output>
        </test-method> <!-- verifyThatTheUserShouldAbleToParchaseaproduct -->
        <test-method is-config="true" signature="closeBrowser(org.testng.ITestResult)[pri:0, instance:logintestscript.Checkouttestclass@45d84a20]" started-at="2026-06-02T10:56:21 IST" name="closeBrowser" finished-at="2026-06-02T10:56:21 IST" duration-ms="0" status="PASS">
          <params>
            <param index="0">
              <value>
                <![CDATA[[TestResult name=verifyThatTheUserShouldAbleToParchaseaproduct status=SUCCESS method=Checkouttestclass.verifyThatTheUserShouldAbleToParchaseaproduct()[pri:0, instance:logintestscript.Checkouttestclass@45d84a20] output={null}]]]>
              </value>
            </param>
          </params>
          <reporter-output>
          </reporter-output>
        </test-method> <!-- closeBrowser -->
      </class> <!-- logintestscript.Checkouttestclass -->
      <class name="logintestscript.Logintestscript">
        <test-method is-config="true" signature="intilaizeBrowser(java.lang.String)[pri:0, instance:logintestscript.Logintestscript@4681c175]" started-at="2026-06-02T10:56:08 IST" name="intilaizeBrowser" finished-at="2026-06-02T10:56:14 IST" duration-ms="5322" status="PASS">
          <params>
            <param index="0">
              <value>
                <![CDATA[Firefox]]>
              </value>
            </param>
          </params>
          <reporter-output>
          </reporter-output>
        </test-method> <!-- intilaizeBrowser -->
        <test-method signature="verifyThatTheUserShoudAbleToLogingTheAppliucationWithValidUserCrediatiolas()[pri:0, instance:logintestscript.Logintestscript@4681c175]" started-at="2026-06-02T10:56:14 IST" name="verifyThatTheUserShoudAbleToLogingTheAppliucationWithValidUserCrediatiolas" finished-at="2026-06-02T10:56:15 IST" duration-ms="1462" status="PASS">
          <reporter-output>
          </reporter-output>
        </test-method> <!-- verifyThatTheUserShoudAbleToLogingTheAppliucationWithValidUserCrediatiolas -->
        <test-method is-config="true" signature="closeBrowser(org.testng.ITestResult)[pri:0, instance:logintestscript.Logintestscript@4681c175]" started-at="2026-06-02T10:56:15 IST" name="closeBrowser" finished-at="2026-06-02T10:56:15 IST" duration-ms="0" status="PASS">
          <params>
            <param index="0">
              <value>
                <![CDATA[[TestResult name=verifyThatTheUserShoudAbleToLogingTheAppliucationWithValidUserCrediatiolas status=SUCCESS method=Logintestscript.verifyThatTheUserShoudAbleToLogingTheAppliucationWithValidUserCrediatiolas()[pri:0, instance:logintestscript.Logintestscript@4681c175] output={null}]]]>
              </value>
            </param>
          </params>
          <reporter-output>
          </reporter-output>
        </test-method> <!-- closeBrowser -->
      </class> <!-- logintestscript.Logintestscript -->
    </test> <!-- FireFoxTest -->
  </suite> <!-- Suite -->
</testng-results>
