<?xml version="1.0" encoding="UTF-8"?>
<testsuite xmlns:xsi="http://www.w3.org/2001/XMLSchema-instance" xsi:noNamespaceSchemaLocation="https://maven.apache.org/surefire/maven-surefire-plugin/xsd/surefire-test-report-3.0.xsd" version="3.0" name="TestSuite" time="13.421" tests="2" errors="0" skipped="0" failures="0">
  <properties>
[...]
</properties>
  <testcase name="verifyThatTheUserShoudAbleToLogingTheAppliucationWithValidUserCrediatiolas" classname="logintestscript.Logintestscript" time="1.467">
    <system-out><![CDATA[2026-06-02T05:26:14.443572800Z main ERROR Log4j API could not find a logging provider.
]]></system-out>
    <system-err><![CDATA[SLF4J(W): No SLF4J providers were found.
SLF4J(W): Defaulting to no-operation (NOP) logger implementation
SLF4J(W): See https://www.slf4j.org/codes.html#noProviders for further details.
]]></system-err>
  </testcase>
  <testcase name="verifyThatTheUserShouldAbleToParchaseaproduct" classname="logintestscript.Checkouttestclass" time="1.109"/>
</testsuite>